<?xml version="1.0" encoding="UTF-8"?>
<!-- Generated by org.testng.reporters.JUnitXMLReporter -->
<testsuite hostname="DESKTOP-H53PLJP" ignored="0" name="Default test" tests="12" failures="0" timestamp="09 Mar 2024 05:47:02 GMT" time="0.062" errors="0">
  <testcase name="@BeforeTest setup" time="0.008" classname="com.qa.opencart.base.BaseTest">
    <failure type="java.lang.NoClassDefFoundError" message="com/qa/opencart/factory/DriverFactory">
      <![CDATA[java.lang.NoClassDefFoundError: com/qa/opencart/factory/DriverFactory
at com.qa.opencart.base.BaseTest.setup(BaseTest.java:31)
at sun.reflect.NativeMethodAccessorImpl.invoke0(Native Method)
at sun.reflect.NativeMethodAccessorImpl.invoke(NativeMethodAccessorImpl.java:62)
at sun.reflect.DelegatingMethodAccessorImpl.invoke(DelegatingMethodAccessorImpl.java:43)
at java.lang.reflect.Method.invoke(Method.java:498)
at org.testng.internal.MethodInvocationHelper.invokeMethod(MethodInvocationHelper.java:124)
at org.testng.internal.MethodInvocationHelper.invokeMethodConsideringTimeout(MethodInvocationHelper.java:59)
at org.testng.internal.Invoker.invokeConfigurationMethod(Invoker.java:458)
at org.testng.internal.Invoker.invokeConfigurations(Invoker.java:222)
at org.testng.internal.Invoker.invokeConfigurations(Invoker.java:142)
at org.testng.TestRunner.beforeRun(TestRunner.java:529)
at org.testng.TestRunner.run(TestRunner.java:497)
at org.testng.SuiteRunner.runTest(SuiteRunner.java:455)
at org.testng.SuiteRunner.runSequentially(SuiteRunner.java:450)
at org.testng.SuiteRunner.privateRun(SuiteRunner.java:415)
at org.testng.SuiteRunner.run(SuiteRunner.java:364)
at org.testng.SuiteRunnerWorker.runSuite(SuiteRunnerWorker.java:52)
at org.testng.SuiteRunnerWorker.run(SuiteRunnerWorker.java:84)
at org.testng.TestNG.runSuitesSequentially(TestNG.java:1208)
at org.testng.TestNG.runSuitesLocally(TestNG.java:1137)
at org.testng.TestNG.runSuites(TestNG.java:1049)
at org.testng.TestNG.run(TestNG.java:1017)
at org.testng.remote.AbstractRemoteTestNG.run(AbstractRemoteTestNG.java:115)
at org.testng.remote.RemoteTestNG.initAndRun(RemoteTestNG.java:251)
at org.testng.remote.RemoteTestNG.main(RemoteTestNG.java:77)
Caused by: java.lang.ClassNotFoundException: com.qa.opencart.factory.DriverFactory
at java.net.URLClassLoader.findClass(URLClassLoader.java:382)
at java.lang.ClassLoader.loadClass(ClassLoader.java:424)
at sun.misc.Launcher$AppClassLoader.loadClass(Launcher.java:349)
at java.lang.ClassLoader.loadClass(ClassLoader.java:357)
... 25 more
]]>
    </failure>
  </testcase> <!-- @BeforeTest setup -->
  <testcase name="@BeforeClass accSetup" time="0.0" classname="com.qa.opencart.testcases.AccountsPageTest">
    <skipped/>
  </testcase> <!-- @BeforeClass accSetup -->
  <testcase name="@AfterTest tearDown" time="0.0" classname="com.qa.opencart.base.BaseTest">
    <skipped/>
  </testcase> <!-- @AfterTest tearDown -->
  <testcase name="accPageTitleTest" time="0.0" classname="com.qa.opencart.testcases.AccountsPageTest">
    <skipped/>
  </testcase> <!-- accPageTitleTest -->
  <testcase name="accPageUrlTest" time="0.0" classname="com.qa.opencart.testcases.AccountsPageTest">
    <skipped/>
  </testcase> <!-- accPageUrlTest -->
  <testcase name="accPageSectionsTest" time="0.0" classname="com.qa.opencart.testcases.AccountsPageTest">
    <skipped/>
  </testcase> <!-- accPageSectionsTest -->
  <testcase name="searchTest" time="0.0" classname="com.qa.opencart.testcases.AccountsPageTest">
    <skipped/>
  </testcase> <!-- searchTest -->
  <testcase name="searchTest" time="0.0" classname="com.qa.opencart.testcases.AccountsPageTest">
    <skipped/>
  </testcase> <!-- searchTest -->
  <testcase name="searchTest" time="0.0" classname="com.qa.opencart.testcases.AccountsPageTest">
    <skipped/>
  </testcase> <!-- searchTest -->
  <testcase name="searchTest" time="0.0" classname="com.qa.opencart.testcases.AccountsPageTest">
    <skipped/>
  </testcase> <!-- searchTest -->
  <testcase name="selectproductTest" time="0.0" classname="com.qa.opencart.testcases.AccountsPageTest">
    <skipped/>
  </testcase> <!-- selectproductTest -->
  <testcase name="productImageTest" time="0.0" classname="com.qa.opencart.testcases.AccountsPageTest">
    <skipped/>
  </testcase> <!-- productImageTest -->
  <testcase name="productImageTest" time="0.0" classname="com.qa.opencart.testcases.AccountsPageTest">
    <skipped/>
  </testcase> <!-- productImageTest -->
  <testcase name="productinfotest" time="0.0" classname="com.qa.opencart.testcases.AccountsPageTest">
    <skipped/>
  </testcase> <!-- productinfotest -->
  <testcase name="addtoCartTest" time="0.0" classname="com.qa.opencart.testcases.AccountsPageTest">
    <skipped/>
  </testcase> <!-- addtoCartTest -->
</testsuite> <!-- Default test -->
